<!DOCTYPE html PUBLIC "-//W3C//DTD XHTML 1.1//EN" "https://www.w3.org/TR/xhtml11/DTD/xhtml11.dtd">
<html xmlns="https://www.w3.org/1999/xhtml">
<head>
<meta http-equiv="content-type" content="text/html; charset=UTF-8"/>
<title>TestNG Report</title>
<style type="text/css">table {margin-bottom:10px;border-collapse:collapse;empty-cells:show}th,td {border:1px solid #009;padding:.25em .5em}th {vertical-align:bottom}td {vertical-align:top}table a {font-weight:bold}.stripe td {background-color: #E6EBF9}.num {text-align:right}.passedodd td {background-color: #3F3}.passedeven td {background-color: #0A0}.skippedodd td {background-color: #DDD}.skippedeven td {background-color: #CCC}.failedodd td,.attn {background-color: #F33}.failedeven td,.stripe .attn {background-color: #D00}.stacktrace {white-space:pre;font-family:monospace}.totop {font-size:85%;text-align:center;border-bottom:2px solid #000}.invisible {display:none}</style>
</head>
<body>
<table>
<tr><th>Test</th><th># Passed</th><th># Skipped</th><th># Retried</th><th># Failed</th><th>Time (ms)</th><th>Included Groups</th><th>Excluded Groups</th></tr>
<tr><th colspan="8">Suite</th></tr>
<tr><td><a href="#t0">Test</a></td><td class="num">22</td><td class="num">0</td><td class="num">0</td><td class="num attn">3</td><td class="num">1,004,285</td><td></td><td></td></tr>
</table>
<table id='summary'><thead><tr><th>Class</th><th>Method</th><th>Start</th><th>Time (ms)</th></tr></thead><tbody><tr><th colspan="4">Suite</th></tr></tbody><tbody id="t0"><tr><th colspan="4">Test &#8212; failed</th></tr><tr class="failedeven"><td rowspan="3">testCases.TestClass1</td><td><a href="#m0">createAlert</a></td><td rowspan="1">1710911008381</td><td rowspan="1">30402</td></tr><tr class="failedeven"><td><a href="#m1">editAlert</a></td><td rowspan="1">1710911040967</td><td rowspan="1">80068</td></tr><tr class="failedeven"><td><a href="#m2">loginWithGoogle</a></td><td rowspan="1">1710910915097</td><td rowspan="1">52830</td></tr><tr><th colspan="4">Test &#8212; passed</th></tr><tr class="passedeven"><td rowspan="22">testCases.TestClass1</td><td><a href="#m3">Applestore</a></td><td rowspan="1">1710911672811</td><td rowspan="1">29580</td></tr><tr class="passedeven"><td><a href="#m4">AppstoreImageCheck</a></td><td rowspan="1">1710911412548</td><td rowspan="1">29838</td></tr><tr class="passedeven"><td><a href="#m5">GooglePlay</a></td><td rowspan="1">1710911635474</td><td rowspan="1">35183</td></tr><tr class="passedeven"><td><a href="#m6">Guestuser</a></td><td rowspan="1">1710911456095</td><td rowspan="1">37149</td></tr><tr class="passedeven"><td><a href="#m7">Instagram</a></td><td rowspan="1">1710911597488</td><td rowspan="1">35453</td></tr><tr class="passedeven"><td><a href="#m8">KbarHeader</a></td><td rowspan="1">1710911444839</td><td rowspan="1">9066</td></tr><tr class="passedeven"><td><a href="#m9">Linkedin</a></td><td rowspan="1">1710911560179</td><td rowspan="1">35380</td></tr><tr class="passedeven"><td><a href="#m10">Twitter</a></td><td rowspan="1">1710911528629</td><td rowspan="1">29661</td></tr><tr class="passedeven"><td><a href="#m11">deleteAlert</a></td><td rowspan="1">1710911123184</td><td rowspan="1">50321</td></tr><tr class="passedeven"><td><a href="#m12">facebook</a></td><td rowspan="1">1710911495543</td><td rowspan="1">30090</td></tr><tr class="passedeven"><td><a href="#m13">loginInValidCredentials</a></td><td rowspan="1">1710910877505</td><td rowspan="1">15984</td></tr><tr class="passedeven"><td><a href="#m14">loginValidCredentials</a></td><td rowspan="1">1710910895504</td><td rowspan="1">17621</td></tr><tr class="passedeven"><td><a href="#m15">loginWithFacebook</a></td><td rowspan="1">1710910969935</td><td rowspan="1">36232</td></tr><tr class="passedeven"><td><a href="#m16">popularArticlesCheck</a></td><td rowspan="1">1710911356120</td><td rowspan="1">19572</td></tr><tr class="passedeven"><td><a href="#m17">popularBlogsCheck</a></td><td rowspan="1">1710911397468</td><td rowspan="1">12874</td></tr><tr class="passedeven"><td><a href="#m18">popularTopicsCheck</a></td><td rowspan="1">1710911377761</td><td rowspan="1">17292</td></tr><tr class="passedeven"><td><a href="#m19">signUpBronze</a></td><td rowspan="1">1710910702756</td><td rowspan="1">34619</td></tr><tr class="passedeven"><td><a href="#m20">signUpBronzeprod</a></td><td rowspan="1">1710911309260</td><td rowspan="1">44475</td></tr><tr class="passedeven"><td><a href="#m21">signUpGold</a></td><td rowspan="1">1710910809792</td><td rowspan="1">65366</td></tr><tr class="passedeven"><td><a href="#m22">signUpGoldmonthly</a></td><td rowspan="1">1710911242505</td><td rowspan="1">64520</td></tr><tr class="passedeven"><td><a href="#m23">signUpSilver</a></td><td rowspan="1">1710910739463</td><td rowspan="1">68196</td></tr><tr class="passedeven"><td><a href="#m24">signUpSilvermonthly</a></td><td rowspan="1">1710911175704</td><td rowspan="1">64572</td></tr></tbody>
</table>
<h2>Test</h2><h3 id="m0">testCases.TestClass1#createAlert</h3><table class="result"><tr><th>Exception</th></tr><tr><td><div class="stacktrace">org.openqa.selenium.ElementClickInterceptedException: element click intercepted: Element &lt;button class=&quot;ui primary button btn btn--dark create-alert-calendar cal-alert-btn&quot;&gt;...&lt;/button&gt; is not clickable at point (1107, 240). Other element would receive the click: &lt;div class=&quot;full-page-loader-comp text-center&quot;&gt;...&lt;/div&gt;
  (Session info: chrome=122.0.6261.129)
Build info: version: &apos;4.15.0&apos;, revision: &apos;1d14b5521b&apos;
System info: os.name: &apos;Windows 10&apos;, os.arch: &apos;amd64&apos;, os.version: &apos;10.0&apos;, java.version: &apos;21.0.2&apos;
Driver info: org.openqa.selenium.chrome.ChromeDriver
Command: [dc1e5dd0041d788f912be174a9815f47, clickElement {id=f.499C3F88D9CDDF172E86BD13171ED58F.d.B2E0A5F2285B8DFC4FC79D1D288BE49B.e.246}]
Capabilities {acceptInsecureCerts: false, browserName: chrome, browserVersion: 122.0.6261.129, chrome: {chromedriverVersion: 122.0.6261.128 (f18a44fedeb..., userDataDir: C:\Users\wlap190\AppData\Lo...}, fedcm:accounts: true, goog:chromeOptions: {debuggerAddress: localhost:55178}, networkConnectionEnabled: false, pageLoadStrategy: normal, platformName: windows, proxy: Proxy(), se:cdp: ws://localhost:55178/devtoo..., se:cdpVersion: 122.0.6261.129, setWindowRect: true, strictFileInteractability: false, timeouts: {implicit: 0, pageLoad: 300000, script: 30000}, unhandledPromptBehavior: dismiss and notify, webauthn:extension:credBlob: true, webauthn:extension:largeBlob: true, webauthn:extension:minPinLength: true, webauthn:extension:prf: true, webauthn:virtualAuthenticators: true}
Element: [[ChromeDriver: chrome on windows (dc1e5dd0041d788f912be174a9815f47)] -&gt; xpath: //button[text()=&apos;Create Alert&apos;]]
Session ID: dc1e5dd0041d788f912be174a9815f47
	at org.openqa.selenium.remote.codec.w3c.W3CHttpResponseCodec.createException(W3CHttpResponseCodec.java:200)
	at org.openqa.selenium.remote.codec.w3c.W3CHttpResponseCodec.decode(W3CHttpResponseCodec.java:133)
	at org.openqa.selenium.remote.codec.w3c.W3CHttpResponseCodec.decode(W3CHttpResponseCodec.java:52)
	at org.openqa.selenium.remote.HttpCommandExecutor.execute(HttpCommandExecutor.java:191)
	at org.openqa.selenium.remote.service.DriverCommandExecutor.invokeExecute(DriverCommandExecutor.java:200)
	at org.openqa.selenium.remote.service.DriverCommandExecutor.execute(DriverCommandExecutor.java:175)
	at org.openqa.selenium.remote.RemoteWebDriver.execute(RemoteWebDriver.java:607)
	at org.openqa.selenium.remote.RemoteWebElement.execute(RemoteWebElement.java:224)
	at org.openqa.selenium.remote.RemoteWebElement.click(RemoteWebElement.java:77)
	at org.openqa.selenium.support.pagefactory.internal.LocatingElementHandler.invoke(LocatingElementHandler.java:51)
	at jdk.proxy2/jdk.proxy2.$Proxy12.click(Unknown Source)
	at testCases.TestClass1.createAlert(TestClass1.java:272)
	at java.base/java.util.ArrayList.forEach(ArrayList.java:1596)
... Removed 30 stack frames</div></td></tr></table><p class="totop"><a href="#summary">back to summary</a></p>
<h3 id="m1">testCases.TestClass1#editAlert</h3><table class="result"><tr><th>Exception</th></tr><tr><td><div class="stacktrace">org.openqa.selenium.TimeoutException: Expected condition failed: waiting for element to be clickable: [[ChromeDriver: chrome on windows (f44fc68cb247a0527a084d0d10b6f42e)] -&gt; xpath: //button[text()=&apos;Save&apos;]] (tried for 30 second(s) with 500 milliseconds interval)
Build info: version: &apos;4.15.0&apos;, revision: &apos;1d14b5521b&apos;
System info: os.name: &apos;Windows 10&apos;, os.arch: &apos;amd64&apos;, os.version: &apos;10.0&apos;, java.version: &apos;21.0.2&apos;
Driver info: org.openqa.selenium.chrome.ChromeDriver
Capabilities {acceptInsecureCerts: false, browserName: chrome, browserVersion: 122.0.6261.129, chrome: {chromedriverVersion: 122.0.6261.128 (f18a44fedeb..., userDataDir: C:\Users\wlap190\AppData\Lo...}, fedcm:accounts: true, goog:chromeOptions: {debuggerAddress: localhost:55373}, networkConnectionEnabled: false, pageLoadStrategy: normal, platformName: windows, proxy: Proxy(), se:cdp: ws://localhost:55373/devtoo..., se:cdpVersion: 122.0.6261.129, setWindowRect: true, strictFileInteractability: false, timeouts: {implicit: 0, pageLoad: 300000, script: 30000}, unhandledPromptBehavior: dismiss and notify, webauthn:extension:credBlob: true, webauthn:extension:largeBlob: true, webauthn:extension:minPinLength: true, webauthn:extension:prf: true, webauthn:virtualAuthenticators: true}
Session ID: f44fc68cb247a0527a084d0d10b6f42e
	at org.openqa.selenium.support.ui.WebDriverWait.timeoutException(WebDriverWait.java:84)
	at org.openqa.selenium.support.ui.FluentWait.until(FluentWait.java:229)
	at com.flightfinder.pomrepo.EditAlertElements.synchronised(EditAlertElements.java:26)
	at com.flightfinder.pomrepo.EditAlertElements.getSaveButton(EditAlertElements.java:49)
	at testCases.TestClass1.editAlert(TestClass1.java:310)
	at java.base/java.util.ArrayList.forEach(ArrayList.java:1596)
... Removed 25 stack frames</div></td></tr></table><p class="totop"><a href="#summary">back to summary</a></p>
<h3 id="m2">testCases.TestClass1#loginWithGoogle</h3><table class="result"><tr><th>Exception</th></tr><tr><td><div class="stacktrace">org.openqa.selenium.TimeoutException: Expected condition failed: waiting for visibility of element located by By.xpath: //input[@aria-label=&apos;Email or phone&apos;] (tried for 30 second(s) with 500 milliseconds interval)
Build info: version: &apos;4.15.0&apos;, revision: &apos;1d14b5521b&apos;
System info: os.name: &apos;Windows 10&apos;, os.arch: &apos;amd64&apos;, os.version: &apos;10.0&apos;, java.version: &apos;21.0.2&apos;
Driver info: org.openqa.selenium.chrome.ChromeDriver
Capabilities {acceptInsecureCerts: false, browserName: chrome, browserVersion: 122.0.6261.129, chrome: {chromedriverVersion: 122.0.6261.128 (f18a44fedeb..., userDataDir: C:\Users\wlap190\AppData\Lo...}, fedcm:accounts: true, goog:chromeOptions: {debuggerAddress: localhost:54822}, networkConnectionEnabled: false, pageLoadStrategy: normal, platformName: windows, proxy: Proxy(), se:cdp: ws://localhost:54822/devtoo..., se:cdpVersion: 122.0.6261.129, setWindowRect: true, strictFileInteractability: false, timeouts: {implicit: 0, pageLoad: 300000, script: 30000}, unhandledPromptBehavior: dismiss and notify, webauthn:extension:credBlob: true, webauthn:extension:largeBlob: true, webauthn:extension:minPinLength: true, webauthn:extension:prf: true, webauthn:virtualAuthenticators: true}
Session ID: 20b75c96e1c5449d85ff29910167253c
	at org.openqa.selenium.support.ui.WebDriverWait.timeoutException(WebDriverWait.java:84)
	at org.openqa.selenium.support.ui.FluentWait.until(FluentWait.java:229)
	at com.flightfinder.pomrepo.GoogleLogin.synchronised(GoogleLogin.java:25)
	at com.flightfinder.pomrepo.GoogleLogin.getGoogleEmailTextField(GoogleLogin.java:50)
	at testCases.TestClass1.loginWithGoogle(TestClass1.java:168)
	at java.base/java.util.ArrayList.forEach(ArrayList.java:1596)
... Removed 25 stack frames</div></td></tr></table><p class="totop"><a href="#summary">back to summary</a></p>
<h3 id="m3">testCases.TestClass1#Applestore</h3><table class="result"><tr><th class="invisible"/></tr></table><p class="totop"><a href="#summary">back to summary</a></p>
<h3 id="m4">testCases.TestClass1#AppstoreImageCheck</h3><table class="result"><tr><th class="invisible"/></tr></table><p class="totop"><a href="#summary">back to summary</a></p>
<h3 id="m5">testCases.TestClass1#GooglePlay</h3><table class="result"><tr><th class="invisible"/></tr></table><p class="totop"><a href="#summary">back to summary</a></p>
<h3 id="m6">testCases.TestClass1#Guestuser</h3><table class="result"><tr><th class="invisible"/></tr></table><p class="totop"><a href="#summary">back to summary</a></p>
<h3 id="m7">testCases.TestClass1#Instagram</h3><table class="result"><tr><th class="invisible"/></tr></table><p class="totop"><a href="#summary">back to summary</a></p>
<h3 id="m8">testCases.TestClass1#KbarHeader</h3><table class="result"><tr><th class="invisible"/></tr></table><p class="totop"><a href="#summary">back to summary</a></p>
<h3 id="m9">testCases.TestClass1#Linkedin</h3><table class="result"><tr><th class="invisible"/></tr></table><p class="totop"><a href="#summary">back to summary</a></p>
<h3 id="m10">testCases.TestClass1#Twitter</h3><table class="result"><tr><th class="invisible"/></tr></table><p class="totop"><a href="#summary">back to summary</a></p>
<h3 id="m11">testCases.TestClass1#deleteAlert</h3><table class="result"><tr><th class="invisible"/></tr></table><p class="totop"><a href="#summary">back to summary</a></p>
<h3 id="m12">testCases.TestClass1#facebook</h3><table class="result"><tr><th class="invisible"/></tr></table><p class="totop"><a href="#summary">back to summary</a></p>
<h3 id="m13">testCases.TestClass1#loginInValidCredentials</h3><table class="result"><tr><th class="invisible"/></tr></table><p class="totop"><a href="#summary">back to summary</a></p>
<h3 id="m14">testCases.TestClass1#loginValidCredentials</h3><table class="result"><tr><th class="invisible"/></tr></table><p class="totop"><a href="#summary">back to summary</a></p>
<h3 id="m15">testCases.TestClass1#loginWithFacebook</h3><table class="result"><tr><th class="invisible"/></tr></table><p class="totop"><a href="#summary">back to summary</a></p>
<h3 id="m16">testCases.TestClass1#popularArticlesCheck</h3><table class="result"><tr><th class="invisible"/></tr></table><p class="totop"><a href="#summary">back to summary</a></p>
<h3 id="m17">testCases.TestClass1#popularBlogsCheck</h3><table class="result"><tr><th class="invisible"/></tr></table><p class="totop"><a href="#summary">back to summary</a></p>
<h3 id="m18">testCases.TestClass1#popularTopicsCheck</h3><table class="result"><tr><th class="invisible"/></tr></table><p class="totop"><a href="#summary">back to summary</a></p>
<h3 id="m19">testCases.TestClass1#signUpBronze</h3><table class="result"><tr><th class="invisible"/></tr></table><p class="totop"><a href="#summary">back to summary</a></p>
<h3 id="m20">testCases.TestClass1#signUpBronzeprod</h3><table class="result"><tr><th class="invisible"/></tr></table><p class="totop"><a href="#summary">back to summary</a></p>
<h3 id="m21">testCases.TestClass1#signUpGold</h3><table class="result"><tr><th class="invisible"/></tr></table><p class="totop"><a href="#summary">back to summary</a></p>
<h3 id="m22">testCases.TestClass1#signUpGoldmonthly</h3><table class="result"><tr><th class="invisible"/></tr></table><p class="totop"><a href="#summary">back to summary</a></p>
<h3 id="m23">testCases.TestClass1#signUpSilver</h3><table class="result"><tr><th class="invisible"/></tr></table><p class="totop"><a href="#summary">back to summary</a></p>
<h3 id="m24">testCases.TestClass1#signUpSilvermonthly</h3><table class="result"><tr><th class="invisible"/></tr></table><p class="totop"><a href="#summary">back to summary</a></p>
</body>
</html>
