<?xml version="1.0" encoding="UTF-8"?>
<testng-results ignored="1" total="26" passed="22" failed="3" skipped="0">
  <reporter-output>
  </reporter-output>
  <suite started-at="2024-03-20T10:28:18 IST" name="Suite" finished-at="2024-03-20T10:45:03 IST" duration-ms="1004285">
    <groups>
    </groups>
    <test started-at="2024-03-20T10:28:18 IST" name="Test" finished-at="2024-03-20T10:45:03 IST" duration-ms="1004285">
      <class name="testCases.TestClass1">
        <test-method is-config="true" signature="preConditions()[pri:0, instance:testCases.TestClass1@2df9b86]" started-at="2024-03-20T10:28:18 IST" name="preConditions" finished-at="2024-03-20T10:28:22 IST" duration-ms="3975" status="PASS">
          <reporter-output>
          </reporter-output>
        </test-method> <!-- preConditions -->
        <test-method signature="signUpBronze()[pri:1, instance:testCases.TestClass1@2df9b86]" started-at="2024-03-20T10:28:22 IST" name="signUpBronze" finished-at="2024-03-20T10:28:57 IST" duration-ms="34619" status="PASS">
          <reporter-output>
          </reporter-output>
        </test-method> <!-- signUpBronze -->
        <test-method is-config="true" signature="postConditions()[pri:0, instance:testCases.TestClass1@2df9b86]" started-at="2024-03-20T10:28:57 IST" name="postConditions" finished-at="2024-03-20T10:28:57 IST" duration-ms="497" status="PASS">
          <reporter-output>
          </reporter-output>
        </test-method> <!-- postConditions -->
        <test-method is-config="true" signature="preConditions()[pri:0, instance:testCases.TestClass1@2df9b86]" started-at="2024-03-20T10:28:57 IST" name="preConditions" finished-at="2024-03-20T10:28:59 IST" duration-ms="1567" status="PASS">
          <reporter-output>
          </reporter-output>
        </test-method> <!-- preConditions -->
        <test-method signature="signUpSilver()[pri:2, instance:testCases.TestClass1@2df9b86]" started-at="2024-03-20T10:28:59 IST" name="signUpSilver" finished-at="2024-03-20T10:30:07 IST" duration-ms="68196" status="PASS">
          <reporter-output>
          </reporter-output>
        </test-method> <!-- signUpSilver -->
        <test-method is-config="true" signature="postConditions()[pri:0, instance:testCases.TestClass1@2df9b86]" started-at="2024-03-20T10:30:07 IST" name="postConditions" finished-at="2024-03-20T10:30:08 IST" duration-ms="446" status="PASS">
          <reporter-output>
          </reporter-output>
        </test-method> <!-- postConditions -->
        <test-method is-config="true" signature="preConditions()[pri:0, instance:testCases.TestClass1@2df9b86]" started-at="2024-03-20T10:30:08 IST" name="preConditions" finished-at="2024-03-20T10:30:09 IST" duration-ms="1670" status="PASS">
          <reporter-output>
          </reporter-output>
        </test-method> <!-- preConditions -->
        <test-method signature="signUpGold()[pri:3, instance:testCases.TestClass1@2df9b86]" started-at="2024-03-20T10:30:09 IST" name="signUpGold" finished-at="2024-03-20T10:31:15 IST" duration-ms="65366" status="PASS">
          <reporter-output>
          </reporter-output>
        </test-method> <!-- signUpGold -->
        <test-method is-config="true" signature="postConditions()[pri:0, instance:testCases.TestClass1@2df9b86]" started-at="2024-03-20T10:31:15 IST" name="postConditions" finished-at="2024-03-20T10:31:15 IST" duration-ms="607" status="PASS">
          <reporter-output>
          </reporter-output>
        </test-method> <!-- postConditions -->
        <test-method is-config="true" signature="preConditions()[pri:0, instance:testCases.TestClass1@2df9b86]" started-at="2024-03-20T10:31:15 IST" name="preConditions" finished-at="2024-03-20T10:31:17 IST" duration-ms="1737" status="PASS">
          <reporter-output>
          </reporter-output>
        </test-method> <!-- preConditions -->
        <test-method signature="loginInValidCredentials()[pri:4, instance:testCases.TestClass1@2df9b86]" started-at="2024-03-20T10:31:17 IST" name="loginInValidCredentials" finished-at="2024-03-20T10:31:33 IST" duration-ms="15984" status="PASS">
          <reporter-output>
          </reporter-output>
        </test-method> <!-- loginInValidCredentials -->
        <test-method is-config="true" signature="postConditions()[pri:0, instance:testCases.TestClass1@2df9b86]" started-at="2024-03-20T10:31:33 IST" name="postConditions" finished-at="2024-03-20T10:31:33 IST" duration-ms="367" status="PASS">
          <reporter-output>
          </reporter-output>
        </test-method> <!-- postConditions -->
        <test-method is-config="true" signature="preConditions()[pri:0, instance:testCases.TestClass1@2df9b86]" started-at="2024-03-20T10:31:33 IST" name="preConditions" finished-at="2024-03-20T10:31:35 IST" duration-ms="1643" status="PASS">
          <reporter-output>
          </reporter-output>
        </test-method> <!-- preConditions -->
        <test-method signature="loginValidCredentials()[pri:5, instance:testCases.TestClass1@2df9b86]" started-at="2024-03-20T10:31:35 IST" name="loginValidCredentials" finished-at="2024-03-20T10:31:53 IST" duration-ms="17621" status="PASS">
          <reporter-output>
          </reporter-output>
        </test-method> <!-- loginValidCredentials -->
        <test-method is-config="true" signature="postConditions()[pri:0, instance:testCases.TestClass1@2df9b86]" started-at="2024-03-20T10:31:53 IST" name="postConditions" finished-at="2024-03-20T10:31:53 IST" duration-ms="392" status="PASS">
          <reporter-output>
          </reporter-output>
        </test-method> <!-- postConditions -->
        <test-method is-config="true" signature="preConditions()[pri:0, instance:testCases.TestClass1@2df9b86]" started-at="2024-03-20T10:31:53 IST" name="preConditions" finished-at="2024-03-20T10:31:55 IST" duration-ms="1578" status="PASS">
          <reporter-output>
          </reporter-output>
        </test-method> <!-- preConditions -->
        <test-method signature="loginWithGoogle()[pri:6, instance:testCases.TestClass1@2df9b86]" started-at="2024-03-20T10:31:55 IST" name="loginWithGoogle" finished-at="2024-03-20T10:32:47 IST" duration-ms="52830" status="FAIL">
          <exception class="org.openqa.selenium.TimeoutException">
            <message>
              <![CDATA[Expected condition failed: waiting for visibility of element located by By.xpath: //input[@aria-label='Email or phone'] (tried for 30 second(s) with 500 milliseconds interval)
Build info: version: '4.15.0', revision: '1d14b5521b'
System info: os.name: 'Windows 10', os.arch: 'amd64', os.version: '10.0', java.version: '21.0.2'
Driver info: org.openqa.selenium.chrome.ChromeDriver
Capabilities {acceptInsecureCerts: false, browserName: chrome, browserVersion: 122.0.6261.129, chrome: {chromedriverVersion: 122.0.6261.128 (f18a44fedeb..., userDataDir: C:\Users\wlap190\AppData\Lo...}, fedcm:accounts: true, goog:chromeOptions: {debuggerAddress: localhost:54822}, networkConnectionEnabled: false, pageLoadStrategy: normal, platformName: windows, proxy: Proxy(), se:cdp: ws://localhost:54822/devtoo..., se:cdpVersion: 122.0.6261.129, setWindowRect: true, strictFileInteractability: false, timeouts: {implicit: 0, pageLoad: 300000, script: 30000}, unhandledPromptBehavior: dismiss and notify, webauthn:extension:credBlob: true, webauthn:extension:largeBlob: true, webauthn:extension:minPinLength: true, webauthn:extension:prf: true, webauthn:virtualAuthenticators: true}
Session ID: 20b75c96e1c5449d85ff29910167253c]]>
            </message>
            <full-stacktrace>
              <![CDATA[org.openqa.selenium.TimeoutException: Expected condition failed: waiting for visibility of element located by By.xpath: //input[@aria-label='Email or phone'] (tried for 30 second(s) with 500 milliseconds interval)
Build info: version: '4.15.0', revision: '1d14b5521b'
System info: os.name: 'Windows 10', os.arch: 'amd64', os.version: '10.0', java.version: '21.0.2'
Driver info: org.openqa.selenium.chrome.ChromeDriver
Capabilities {acceptInsecureCerts: false, browserName: chrome, browserVersion: 122.0.6261.129, chrome: {chromedriverVersion: 122.0.6261.128 (f18a44fedeb..., userDataDir: C:\Users\wlap190\AppData\Lo...}, fedcm:accounts: true, goog:chromeOptions: {debuggerAddress: localhost:54822}, networkConnectionEnabled: false, pageLoadStrategy: normal, platformName: windows, proxy: Proxy(), se:cdp: ws://localhost:54822/devtoo..., se:cdpVersion: 122.0.6261.129, setWindowRect: true, strictFileInteractability: false, timeouts: {implicit: 0, pageLoad: 300000, script: 30000}, unhandledPromptBehavior: dismiss and notify, webauthn:extension:credBlob: true, webauthn:extension:largeBlob: true, webauthn:extension:minPinLength: true, webauthn:extension:prf: true, webauthn:virtualAuthenticators: true}
Session ID: 20b75c96e1c5449d85ff29910167253c
at org.openqa.selenium.support.ui.WebDriverWait.timeoutException(WebDriverWait.java:84)
at org.openqa.selenium.support.ui.FluentWait.until(FluentWait.java:229)
at com.flightfinder.pomrepo.GoogleLogin.synchronised(GoogleLogin.java:25)
at com.flightfinder.pomrepo.GoogleLogin.getGoogleEmailTextField(GoogleLogin.java:50)
at testCases.TestClass1.loginWithGoogle(TestClass1.java:168)
at java.base/jdk.internal.reflect.DirectMethodHandleAccessor.invoke(DirectMethodHandleAccessor.java:103)
at java.base/java.lang.reflect.Method.invoke(Method.java:580)
at org.testng.internal.invokers.MethodInvocationHelper.invokeMethod(MethodInvocationHelper.java:139)
at org.testng.internal.invokers.TestInvoker.invokeMethod(TestInvoker.java:677)
at org.testng.internal.invokers.TestInvoker.invokeTestMethod(TestInvoker.java:221)
at org.testng.internal.invokers.MethodRunner.runInSequence(MethodRunner.java:50)
at org.testng.internal.invokers.TestInvoker$MethodInvocationAgent.invoke(TestInvoker.java:969)
at org.testng.internal.invokers.TestInvoker.invokeTestMethods(TestInvoker.java:194)
at org.testng.internal.invokers.TestMethodWorker.invokeTestMethods(TestMethodWorker.java:148)
at org.testng.internal.invokers.TestMethodWorker.run(TestMethodWorker.java:128)
at java.base/java.util.ArrayList.forEach(ArrayList.java:1596)
at org.testng.TestRunner.privateRun(TestRunner.java:829)
at org.testng.TestRunner.run(TestRunner.java:602)
at org.testng.SuiteRunner.runTest(SuiteRunner.java:437)
at org.testng.SuiteRunner.runSequentially(SuiteRunner.java:431)
at org.testng.SuiteRunner.privateRun(SuiteRunner.java:391)
at org.testng.SuiteRunner.run(SuiteRunner.java:330)
at org.testng.SuiteRunnerWorker.runSuite(SuiteRunnerWorker.java:52)
at org.testng.SuiteRunnerWorker.run(SuiteRunnerWorker.java:95)
at org.testng.TestNG.runSuitesSequentially(TestNG.java:1256)
at org.testng.TestNG.runSuitesLocally(TestNG.java:1176)
at org.testng.TestNG.runSuites(TestNG.java:1099)
at org.testng.TestNG.run(TestNG.java:1067)
at org.testng.remote.AbstractRemoteTestNG.run(AbstractRemoteTestNG.java:115)
at org.testng.remote.RemoteTestNG.initAndRun(RemoteTestNG.java:251)
at org.testng.remote.RemoteTestNG.main(RemoteTestNG.java:77)
]]>
            </full-stacktrace>
          </exception> <!-- org.openqa.selenium.TimeoutException -->
          <reporter-output>
          </reporter-output>
        </test-method> <!-- loginWithGoogle -->
        <test-method is-config="true" signature="postConditions()[pri:0, instance:testCases.TestClass1@2df9b86]" started-at="2024-03-20T10:32:47 IST" name="postConditions" finished-at="2024-03-20T10:32:48 IST" duration-ms="537" status="PASS">
          <reporter-output>
          </reporter-output>
        </test-method> <!-- postConditions -->
        <test-method is-config="true" signature="preConditions()[pri:0, instance:testCases.TestClass1@2df9b86]" started-at="2024-03-20T10:32:48 IST" name="preConditions" finished-at="2024-03-20T10:32:49 IST" duration-ms="1440" status="PASS">
          <reporter-output>
          </reporter-output>
        </test-method> <!-- preConditions -->
        <test-method signature="loginWithFacebook()[pri:7, instance:testCases.TestClass1@2df9b86]" started-at="2024-03-20T10:32:49 IST" name="loginWithFacebook" finished-at="2024-03-20T10:33:26 IST" duration-ms="36232" status="PASS">
          <reporter-output>
          </reporter-output>
        </test-method> <!-- loginWithFacebook -->
        <test-method is-config="true" signature="postConditions()[pri:0, instance:testCases.TestClass1@2df9b86]" started-at="2024-03-20T10:33:26 IST" name="postConditions" finished-at="2024-03-20T10:33:26 IST" duration-ms="594" status="PASS">
          <reporter-output>
          </reporter-output>
        </test-method> <!-- postConditions -->
        <test-method is-config="true" signature="preConditions()[pri:0, instance:testCases.TestClass1@2df9b86]" started-at="2024-03-20T10:33:26 IST" name="preConditions" finished-at="2024-03-20T10:33:28 IST" duration-ms="1617" status="PASS">
          <reporter-output>
          </reporter-output>
        </test-method> <!-- preConditions -->
        <test-method signature="createAlert()[pri:9, instance:testCases.TestClass1@2df9b86]" started-at="2024-03-20T10:33:28 IST" name="createAlert" finished-at="2024-03-20T10:33:58 IST" duration-ms="30402" status="FAIL">
          <exception class="org.openqa.selenium.ElementClickInterceptedException">
            <message>
              <![CDATA[element click intercepted: Element <button class="ui primary button btn btn--dark create-alert-calendar cal-alert-btn">...</button> is not clickable at point (1107, 240). Other element would receive the click: <div class="full-page-loader-comp text-center">...</div>
  (Session info: chrome=122.0.6261.129)
Build info: version: '4.15.0', revision: '1d14b5521b'
System info: os.name: 'Windows 10', os.arch: 'amd64', os.version: '10.0', java.version: '21.0.2'
Driver info: org.openqa.selenium.chrome.ChromeDriver
Command: [dc1e5dd0041d788f912be174a9815f47, clickElement {id=f.499C3F88D9CDDF172E86BD13171ED58F.d.B2E0A5F2285B8DFC4FC79D1D288BE49B.e.246}]
Capabilities {acceptInsecureCerts: false, browserName: chrome, browserVersion: 122.0.6261.129, chrome: {chromedriverVersion: 122.0.6261.128 (f18a44fedeb..., userDataDir: C:\Users\wlap190\AppData\Lo...}, fedcm:accounts: true, goog:chromeOptions: {debuggerAddress: localhost:55178}, networkConnectionEnabled: false, pageLoadStrategy: normal, platformName: windows, proxy: Proxy(), se:cdp: ws://localhost:55178/devtoo..., se:cdpVersion: 122.0.6261.129, setWindowRect: true, strictFileInteractability: false, timeouts: {implicit: 0, pageLoad: 300000, script: 30000}, unhandledPromptBehavior: dismiss and notify, webauthn:extension:credBlob: true, webauthn:extension:largeBlob: true, webauthn:extension:minPinLength: true, webauthn:extension:prf: true, webauthn:virtualAuthenticators: true}
Element: [[ChromeDriver: chrome on windows (dc1e5dd0041d788f912be174a9815f47)] -> xpath: //button[text()='Create Alert']]
Session ID: dc1e5dd0041d788f912be174a9815f47]]>
            </message>
            <full-stacktrace>
              <![CDATA[org.openqa.selenium.ElementClickInterceptedException: element click intercepted: Element <button class="ui primary button btn btn--dark create-alert-calendar cal-alert-btn">...</button> is not clickable at point (1107, 240). Other element would receive the click: <div class="full-page-loader-comp text-center">...</div>
  (Session info: chrome=122.0.6261.129)
Build info: version: '4.15.0', revision: '1d14b5521b'
System info: os.name: 'Windows 10', os.arch: 'amd64', os.version: '10.0', java.version: '21.0.2'
Driver info: org.openqa.selenium.chrome.ChromeDriver
Command: [dc1e5dd0041d788f912be174a9815f47, clickElement {id=f.499C3F88D9CDDF172E86BD13171ED58F.d.B2E0A5F2285B8DFC4FC79D1D288BE49B.e.246}]
Capabilities {acceptInsecureCerts: false, browserName: chrome, browserVersion: 122.0.6261.129, chrome: {chromedriverVersion: 122.0.6261.128 (f18a44fedeb..., userDataDir: C:\Users\wlap190\AppData\Lo...}, fedcm:accounts: true, goog:chromeOptions: {debuggerAddress: localhost:55178}, networkConnectionEnabled: false, pageLoadStrategy: normal, platformName: windows, proxy: Proxy(), se:cdp: ws://localhost:55178/devtoo..., se:cdpVersion: 122.0.6261.129, setWindowRect: true, strictFileInteractability: false, timeouts: {implicit: 0, pageLoad: 300000, script: 30000}, unhandledPromptBehavior: dismiss and notify, webauthn:extension:credBlob: true, webauthn:extension:largeBlob: true, webauthn:extension:minPinLength: true, webauthn:extension:prf: true, webauthn:virtualAuthenticators: true}
Element: [[ChromeDriver: chrome on windows (dc1e5dd0041d788f912be174a9815f47)] -> xpath: //button[text()='Create Alert']]
Session ID: dc1e5dd0041d788f912be174a9815f47
at java.base/jdk.internal.reflect.DirectConstructorHandleAccessor.newInstance(DirectConstructorHandleAccessor.java:62)
at java.base/java.lang.reflect.Constructor.newInstanceWithCaller(Constructor.java:502)
at java.base/java.lang.reflect.Constructor.newInstance(Constructor.java:486)
at org.openqa.selenium.remote.codec.w3c.W3CHttpResponseCodec.createException(W3CHttpResponseCodec.java:200)
at org.openqa.selenium.remote.codec.w3c.W3CHttpResponseCodec.decode(W3CHttpResponseCodec.java:133)
at org.openqa.selenium.remote.codec.w3c.W3CHttpResponseCodec.decode(W3CHttpResponseCodec.java:52)
at org.openqa.selenium.remote.HttpCommandExecutor.execute(HttpCommandExecutor.java:191)
at org.openqa.selenium.remote.service.DriverCommandExecutor.invokeExecute(DriverCommandExecutor.java:200)
at org.openqa.selenium.remote.service.DriverCommandExecutor.execute(DriverCommandExecutor.java:175)
at org.openqa.selenium.remote.RemoteWebDriver.execute(RemoteWebDriver.java:607)
at org.openqa.selenium.remote.RemoteWebElement.execute(RemoteWebElement.java:224)
at org.openqa.selenium.remote.RemoteWebElement.click(RemoteWebElement.java:77)
at java.base/jdk.internal.reflect.DirectMethodHandleAccessor.invoke(DirectMethodHandleAccessor.java:103)
at java.base/java.lang.reflect.Method.invoke(Method.java:580)
at org.openqa.selenium.support.pagefactory.internal.LocatingElementHandler.invoke(LocatingElementHandler.java:51)
at jdk.proxy2/jdk.proxy2.$Proxy12.click(Unknown Source)
at testCases.TestClass1.createAlert(TestClass1.java:272)
at java.base/jdk.internal.reflect.DirectMethodHandleAccessor.invoke(DirectMethodHandleAccessor.java:103)
at java.base/java.lang.reflect.Method.invoke(Method.java:580)
at org.testng.internal.invokers.MethodInvocationHelper.invokeMethod(MethodInvocationHelper.java:139)
at org.testng.internal.invokers.TestInvoker.invokeMethod(TestInvoker.java:677)
at org.testng.internal.invokers.TestInvoker.invokeTestMethod(TestInvoker.java:221)
at org.testng.internal.invokers.MethodRunner.runInSequence(MethodRunner.java:50)
at org.testng.internal.invokers.TestInvoker$MethodInvocationAgent.invoke(TestInvoker.java:969)
at org.testng.internal.invokers.TestInvoker.invokeTestMethods(TestInvoker.java:194)
at org.testng.internal.invokers.TestMethodWorker.invokeTestMethods(TestMethodWorker.java:148)
at org.testng.internal.invokers.TestMethodWorker.run(TestMethodWorker.java:128)
at java.base/java.util.ArrayList.forEach(ArrayList.java:1596)
at org.testng.TestRunner.privateRun(TestRunner.java:829)
at org.testng.TestRunner.run(TestRunner.java:602)
at org.testng.SuiteRunner.runTest(SuiteRunner.java:437)
at org.testng.SuiteRunner.runSequentially(SuiteRunner.java:431)
at org.testng.SuiteRunner.privateRun(SuiteRunner.java:391)
at org.testng.SuiteRunner.run(SuiteRunner.java:330)
at org.testng.SuiteRunnerWorker.runSuite(SuiteRunnerWorker.java:52)
at org.testng.SuiteRunnerWorker.run(SuiteRunnerWorker.java:95)
at org.testng.TestNG.runSuitesSequentially(TestNG.java:1256)
at org.testng.TestNG.runSuitesLocally(TestNG.java:1176)
at org.testng.TestNG.runSuites(TestNG.java:1099)
at org.testng.TestNG.run(TestNG.java:1067)
at org.testng.remote.AbstractRemoteTestNG.run(AbstractRemoteTestNG.java:115)
at org.testng.remote.RemoteTestNG.initAndRun(RemoteTestNG.java:251)
at org.testng.remote.RemoteTestNG.main(RemoteTestNG.java:77)
]]>
            </full-stacktrace>
          </exception> <!-- org.openqa.selenium.ElementClickInterceptedException -->
          <reporter-output>
          </reporter-output>
        </test-method> <!-- createAlert -->
        <test-method is-config="true" signature="postConditions()[pri:0, instance:testCases.TestClass1@2df9b86]" started-at="2024-03-20T10:33:58 IST" name="postConditions" finished-at="2024-03-20T10:33:59 IST" duration-ms="519" status="PASS">
          <reporter-output>
          </reporter-output>
        </test-method> <!-- postConditions -->
        <test-method is-config="true" signature="preConditions()[pri:0, instance:testCases.TestClass1@2df9b86]" started-at="2024-03-20T10:33:59 IST" name="preConditions" finished-at="2024-03-20T10:34:00 IST" duration-ms="1656" status="PASS">
          <reporter-output>
          </reporter-output>
        </test-method> <!-- preConditions -->
        <test-method signature="editAlert()[pri:10, instance:testCases.TestClass1@2df9b86]" started-at="2024-03-20T10:34:00 IST" name="editAlert" finished-at="2024-03-20T10:35:21 IST" duration-ms="80068" status="FAIL">
          <exception class="org.openqa.selenium.TimeoutException">
            <message>
              <![CDATA[Expected condition failed: waiting for element to be clickable: [[ChromeDriver: chrome on windows (f44fc68cb247a0527a084d0d10b6f42e)] -> xpath: //button[text()='Save']] (tried for 30 second(s) with 500 milliseconds interval)
Build info: version: '4.15.0', revision: '1d14b5521b'
System info: os.name: 'Windows 10', os.arch: 'amd64', os.version: '10.0', java.version: '21.0.2'
Driver info: org.openqa.selenium.chrome.ChromeDriver
Capabilities {acceptInsecureCerts: false, browserName: chrome, browserVersion: 122.0.6261.129, chrome: {chromedriverVersion: 122.0.6261.128 (f18a44fedeb..., userDataDir: C:\Users\wlap190\AppData\Lo...}, fedcm:accounts: true, goog:chromeOptions: {debuggerAddress: localhost:55373}, networkConnectionEnabled: false, pageLoadStrategy: normal, platformName: windows, proxy: Proxy(), se:cdp: ws://localhost:55373/devtoo..., se:cdpVersion: 122.0.6261.129, setWindowRect: true, strictFileInteractability: false, timeouts: {implicit: 0, pageLoad: 300000, script: 30000}, unhandledPromptBehavior: dismiss and notify, webauthn:extension:credBlob: true, webauthn:extension:largeBlob: true, webauthn:extension:minPinLength: true, webauthn:extension:prf: true, webauthn:virtualAuthenticators: true}
Session ID: f44fc68cb247a0527a084d0d10b6f42e]]>
            </message>
            <full-stacktrace>
              <![CDATA[org.openqa.selenium.TimeoutException: Expected condition failed: waiting for element to be clickable: [[ChromeDriver: chrome on windows (f44fc68cb247a0527a084d0d10b6f42e)] -> xpath: //button[text()='Save']] (tried for 30 second(s) with 500 milliseconds interval)
Build info: version: '4.15.0', revision: '1d14b5521b'
System info: os.name: 'Windows 10', os.arch: 'amd64', os.version: '10.0', java.version: '21.0.2'
Driver info: org.openqa.selenium.chrome.ChromeDriver
Capabilities {acceptInsecureCerts: false, browserName: chrome, browserVersion: 122.0.6261.129, chrome: {chromedriverVersion: 122.0.6261.128 (f18a44fedeb..., userDataDir: C:\Users\wlap190\AppData\Lo...}, fedcm:accounts: true, goog:chromeOptions: {debuggerAddress: localhost:55373}, networkConnectionEnabled: false, pageLoadStrategy: normal, platformName: windows, proxy: Proxy(), se:cdp: ws://localhost:55373/devtoo..., se:cdpVersion: 122.0.6261.129, setWindowRect: true, strictFileInteractability: false, timeouts: {implicit: 0, pageLoad: 300000, script: 30000}, unhandledPromptBehavior: dismiss and notify, webauthn:extension:credBlob: true, webauthn:extension:largeBlob: true, webauthn:extension:minPinLength: true, webauthn:extension:prf: true, webauthn:virtualAuthenticators: true}
Session ID: f44fc68cb247a0527a084d0d10b6f42e
at org.openqa.selenium.support.ui.WebDriverWait.timeoutException(WebDriverWait.java:84)
at org.openqa.selenium.support.ui.FluentWait.until(FluentWait.java:229)
at com.flightfinder.pomrepo.EditAlertElements.synchronised(EditAlertElements.java:26)
at com.flightfinder.pomrepo.EditAlertElements.getSaveButton(EditAlertElements.java:49)
at testCases.TestClass1.editAlert(TestClass1.java:310)
at java.base/jdk.internal.reflect.DirectMethodHandleAccessor.invoke(DirectMethodHandleAccessor.java:103)
at java.base/java.lang.reflect.Method.invoke(Method.java:580)
at org.testng.internal.invokers.MethodInvocationHelper.invokeMethod(MethodInvocationHelper.java:139)
at org.testng.internal.invokers.TestInvoker.invokeMethod(TestInvoker.java:677)
at org.testng.internal.invokers.TestInvoker.invokeTestMethod(TestInvoker.java:221)
at org.testng.internal.invokers.MethodRunner.runInSequence(MethodRunner.java:50)
at org.testng.internal.invokers.TestInvoker$MethodInvocationAgent.invoke(TestInvoker.java:969)
at org.testng.internal.invokers.TestInvoker.invokeTestMethods(TestInvoker.java:194)
at org.testng.internal.invokers.TestMethodWorker.invokeTestMethods(TestMethodWorker.java:148)
at org.testng.internal.invokers.TestMethodWorker.run(TestMethodWorker.java:128)
at java.base/java.util.ArrayList.forEach(ArrayList.java:1596)
at org.testng.TestRunner.privateRun(TestRunner.java:829)
at org.testng.TestRunner.run(TestRunner.java:602)
at org.testng.SuiteRunner.runTest(SuiteRunner.java:437)
at org.testng.SuiteRunner.runSequentially(SuiteRunner.java:431)
at org.testng.SuiteRunner.privateRun(SuiteRunner.java:391)
at org.testng.SuiteRunner.run(SuiteRunner.java:330)
at org.testng.SuiteRunnerWorker.runSuite(SuiteRunnerWorker.java:52)
at org.testng.SuiteRunnerWorker.run(SuiteRunnerWorker.java:95)
at org.testng.TestNG.runSuitesSequentially(TestNG.java:1256)
at org.testng.TestNG.runSuitesLocally(TestNG.java:1176)
at org.testng.TestNG.runSuites(TestNG.java:1099)
at org.testng.TestNG.run(TestNG.java:1067)
at org.testng.remote.AbstractRemoteTestNG.run(AbstractRemoteTestNG.java:115)
at org.testng.remote.RemoteTestNG.initAndRun(RemoteTestNG.java:251)
at org.testng.remote.RemoteTestNG.main(RemoteTestNG.java:77)
]]>
            </full-stacktrace>
          </exception> <!-- org.openqa.selenium.TimeoutException -->
          <reporter-output>
          </reporter-output>
        </test-method> <!-- editAlert -->
        <test-method is-config="true" signature="postConditions()[pri:0, instance:testCases.TestClass1@2df9b86]" started-at="2024-03-20T10:35:21 IST" name="postConditions" finished-at="2024-03-20T10:35:21 IST" duration-ms="651" status="PASS">
          <reporter-output>
          </reporter-output>
        </test-method> <!-- postConditions -->
        <test-method is-config="true" signature="preConditions()[pri:0, instance:testCases.TestClass1@2df9b86]" started-at="2024-03-20T10:35:21 IST" name="preConditions" finished-at="2024-03-20T10:35:23 IST" duration-ms="1487" status="PASS">
          <reporter-output>
          </reporter-output>
        </test-method> <!-- preConditions -->
        <test-method signature="deleteAlert()[pri:11, instance:testCases.TestClass1@2df9b86]" started-at="2024-03-20T10:35:23 IST" name="deleteAlert" finished-at="2024-03-20T10:36:13 IST" duration-ms="50321" status="PASS">
          <reporter-output>
          </reporter-output>
        </test-method> <!-- deleteAlert -->
        <test-method is-config="true" signature="postConditions()[pri:0, instance:testCases.TestClass1@2df9b86]" started-at="2024-03-20T10:36:13 IST" name="postConditions" finished-at="2024-03-20T10:36:14 IST" duration-ms="570" status="PASS">
          <reporter-output>
          </reporter-output>
        </test-method> <!-- postConditions -->
        <test-method is-config="true" signature="preConditions()[pri:0, instance:testCases.TestClass1@2df9b86]" started-at="2024-03-20T10:36:14 IST" name="preConditions" finished-at="2024-03-20T10:36:15 IST" duration-ms="1621" status="PASS">
          <reporter-output>
          </reporter-output>
        </test-method> <!-- preConditions -->
        <test-method signature="signUpSilvermonthly()[pri:12, instance:testCases.TestClass1@2df9b86]" started-at="2024-03-20T10:36:15 IST" name="signUpSilvermonthly" finished-at="2024-03-20T10:37:20 IST" duration-ms="64572" status="PASS">
          <reporter-output>
          </reporter-output>
        </test-method> <!-- signUpSilvermonthly -->
        <test-method is-config="true" signature="postConditions()[pri:0, instance:testCases.TestClass1@2df9b86]" started-at="2024-03-20T10:37:20 IST" name="postConditions" finished-at="2024-03-20T10:37:20 IST" duration-ms="605" status="PASS">
          <reporter-output>
          </reporter-output>
        </test-method> <!-- postConditions -->
        <test-method is-config="true" signature="preConditions()[pri:0, instance:testCases.TestClass1@2df9b86]" started-at="2024-03-20T10:37:20 IST" name="preConditions" finished-at="2024-03-20T10:37:22 IST" duration-ms="1599" status="PASS">
          <reporter-output>
          </reporter-output>
        </test-method> <!-- preConditions -->
        <test-method signature="signUpGoldmonthly()[pri:13, instance:testCases.TestClass1@2df9b86]" started-at="2024-03-20T10:37:22 IST" name="signUpGoldmonthly" finished-at="2024-03-20T10:38:27 IST" duration-ms="64520" status="PASS">
          <reporter-output>
          </reporter-output>
        </test-method> <!-- signUpGoldmonthly -->
        <test-method is-config="true" signature="postConditions()[pri:0, instance:testCases.TestClass1@2df9b86]" started-at="2024-03-20T10:38:27 IST" name="postConditions" finished-at="2024-03-20T10:38:27 IST" duration-ms="598" status="PASS">
          <reporter-output>
          </reporter-output>
        </test-method> <!-- postConditions -->
        <test-method is-config="true" signature="preConditions()[pri:0, instance:testCases.TestClass1@2df9b86]" started-at="2024-03-20T10:38:27 IST" name="preConditions" finished-at="2024-03-20T10:38:29 IST" duration-ms="1628" status="PASS">
          <reporter-output>
          </reporter-output>
        </test-method> <!-- preConditions -->
        <test-method signature="signUpBronzeprod()[pri:14, instance:testCases.TestClass1@2df9b86]" started-at="2024-03-20T10:38:29 IST" name="signUpBronzeprod" finished-at="2024-03-20T10:39:13 IST" duration-ms="44475" status="PASS">
          <reporter-output>
          </reporter-output>
        </test-method> <!-- signUpBronzeprod -->
        <test-method is-config="true" signature="postConditions()[pri:0, instance:testCases.TestClass1@2df9b86]" started-at="2024-03-20T10:39:13 IST" name="postConditions" finished-at="2024-03-20T10:39:14 IST" duration-ms="621" status="PASS">
          <reporter-output>
          </reporter-output>
        </test-method> <!-- postConditions -->
        <test-method is-config="true" signature="preConditions()[pri:0, instance:testCases.TestClass1@2df9b86]" started-at="2024-03-20T10:39:14 IST" name="preConditions" finished-at="2024-03-20T10:39:16 IST" duration-ms="1750" status="PASS">
          <reporter-output>
          </reporter-output>
        </test-method> <!-- preConditions -->
        <test-method signature="popularArticlesCheck()[pri:15, instance:testCases.TestClass1@2df9b86]" started-at="2024-03-20T10:39:16 IST" name="popularArticlesCheck" finished-at="2024-03-20T10:39:35 IST" duration-ms="19572" status="PASS">
          <reporter-output>
          </reporter-output>
        </test-method> <!-- popularArticlesCheck -->
        <test-method is-config="true" signature="postConditions()[pri:0, instance:testCases.TestClass1@2df9b86]" started-at="2024-03-20T10:39:35 IST" name="postConditions" finished-at="2024-03-20T10:39:36 IST" duration-ms="559" status="PASS">
          <reporter-output>
          </reporter-output>
        </test-method> <!-- postConditions -->
        <test-method is-config="true" signature="preConditions()[pri:0, instance:testCases.TestClass1@2df9b86]" started-at="2024-03-20T10:39:36 IST" name="preConditions" finished-at="2024-03-20T10:39:37 IST" duration-ms="1501" status="PASS">
          <reporter-output>
          </reporter-output>
        </test-method> <!-- preConditions -->
        <test-method signature="popularTopicsCheck()[pri:16, instance:testCases.TestClass1@2df9b86]" started-at="2024-03-20T10:39:37 IST" name="popularTopicsCheck" finished-at="2024-03-20T10:39:55 IST" duration-ms="17292" status="PASS">
          <reporter-output>
          </reporter-output>
        </test-method> <!-- popularTopicsCheck -->
        <test-method is-config="true" signature="postConditions()[pri:0, instance:testCases.TestClass1@2df9b86]" started-at="2024-03-20T10:39:55 IST" name="postConditions" finished-at="2024-03-20T10:39:56 IST" duration-ms="947" status="PASS">
          <reporter-output>
          </reporter-output>
        </test-method> <!-- postConditions -->
        <test-method is-config="true" signature="preConditions()[pri:0, instance:testCases.TestClass1@2df9b86]" started-at="2024-03-20T10:39:56 IST" name="preConditions" finished-at="2024-03-20T10:39:57 IST" duration-ms="1461" status="PASS">
          <reporter-output>
          </reporter-output>
        </test-method> <!-- preConditions -->
        <test-method signature="popularBlogsCheck()[pri:17, instance:testCases.TestClass1@2df9b86]" started-at="2024-03-20T10:39:57 IST" name="popularBlogsCheck" finished-at="2024-03-20T10:40:10 IST" duration-ms="12874" status="PASS">
          <reporter-output>
          </reporter-output>
        </test-method> <!-- popularBlogsCheck -->
        <test-method is-config="true" signature="postConditions()[pri:0, instance:testCases.TestClass1@2df9b86]" started-at="2024-03-20T10:40:10 IST" name="postConditions" finished-at="2024-03-20T10:40:10 IST" duration-ms="625" status="PASS">
          <reporter-output>
          </reporter-output>
        </test-method> <!-- postConditions -->
        <test-method is-config="true" signature="preConditions()[pri:0, instance:testCases.TestClass1@2df9b86]" started-at="2024-03-20T10:40:10 IST" name="preConditions" finished-at="2024-03-20T10:40:12 IST" duration-ms="1576" status="PASS">
          <reporter-output>
          </reporter-output>
        </test-method> <!-- preConditions -->
        <test-method signature="AppstoreImageCheck()[pri:18, instance:testCases.TestClass1@2df9b86]" started-at="2024-03-20T10:40:12 IST" name="AppstoreImageCheck" finished-at="2024-03-20T10:40:42 IST" duration-ms="29838" status="PASS">
          <reporter-output>
          </reporter-output>
        </test-method> <!-- AppstoreImageCheck -->
        <test-method is-config="true" signature="postConditions()[pri:0, instance:testCases.TestClass1@2df9b86]" started-at="2024-03-20T10:40:42 IST" name="postConditions" finished-at="2024-03-20T10:40:43 IST" duration-ms="975" status="PASS">
          <reporter-output>
          </reporter-output>
        </test-method> <!-- postConditions -->
        <test-method is-config="true" signature="preConditions()[pri:0, instance:testCases.TestClass1@2df9b86]" started-at="2024-03-20T10:40:43 IST" name="preConditions" finished-at="2024-03-20T10:40:44 IST" duration-ms="1471" status="PASS">
          <reporter-output>
          </reporter-output>
        </test-method> <!-- preConditions -->
        <test-method signature="KbarHeader()[pri:19, instance:testCases.TestClass1@2df9b86]" started-at="2024-03-20T10:40:44 IST" name="KbarHeader" finished-at="2024-03-20T10:40:53 IST" duration-ms="9066" status="PASS">
          <reporter-output>
          </reporter-output>
        </test-method> <!-- KbarHeader -->
        <test-method is-config="true" signature="postConditions()[pri:0, instance:testCases.TestClass1@2df9b86]" started-at="2024-03-20T10:40:53 IST" name="postConditions" finished-at="2024-03-20T10:40:54 IST" duration-ms="656" status="PASS">
          <reporter-output>
          </reporter-output>
        </test-method> <!-- postConditions -->
        <test-method is-config="true" signature="preConditions()[pri:0, instance:testCases.TestClass1@2df9b86]" started-at="2024-03-20T10:40:54 IST" name="preConditions" finished-at="2024-03-20T10:40:56 IST" duration-ms="1529" status="PASS">
          <reporter-output>
          </reporter-output>
        </test-method> <!-- preConditions -->
        <test-method signature="Guestuser()[pri:20, instance:testCases.TestClass1@2df9b86]" started-at="2024-03-20T10:40:56 IST" name="Guestuser" finished-at="2024-03-20T10:41:33 IST" duration-ms="37149" status="PASS">
          <reporter-output>
          </reporter-output>
        </test-method> <!-- Guestuser -->
        <test-method is-config="true" signature="postConditions()[pri:0, instance:testCases.TestClass1@2df9b86]" started-at="2024-03-20T10:41:33 IST" name="postConditions" finished-at="2024-03-20T10:41:33 IST" duration-ms="693" status="PASS">
          <reporter-output>
          </reporter-output>
        </test-method> <!-- postConditions -->
        <test-method is-config="true" signature="preConditions()[pri:0, instance:testCases.TestClass1@2df9b86]" started-at="2024-03-20T10:41:33 IST" name="preConditions" finished-at="2024-03-20T10:41:35 IST" duration-ms="1601" status="PASS">
          <reporter-output>
          </reporter-output>
        </test-method> <!-- preConditions -->
        <test-method signature="facebook()[pri:21, instance:testCases.TestClass1@2df9b86]" started-at="2024-03-20T10:41:35 IST" name="facebook" finished-at="2024-03-20T10:42:05 IST" duration-ms="30090" status="PASS">
          <reporter-output>
          </reporter-output>
        </test-method> <!-- facebook -->
        <test-method is-config="true" signature="postConditions()[pri:0, instance:testCases.TestClass1@2df9b86]" started-at="2024-03-20T10:42:05 IST" name="postConditions" finished-at="2024-03-20T10:42:07 IST" duration-ms="1409" status="PASS">
          <reporter-output>
          </reporter-output>
        </test-method> <!-- postConditions -->
        <test-method is-config="true" signature="preConditions()[pri:0, instance:testCases.TestClass1@2df9b86]" started-at="2024-03-20T10:42:07 IST" name="preConditions" finished-at="2024-03-20T10:42:08 IST" duration-ms="1574" status="PASS">
          <reporter-output>
          </reporter-output>
        </test-method> <!-- preConditions -->
        <test-method signature="Twitter()[pri:22, instance:testCases.TestClass1@2df9b86]" started-at="2024-03-20T10:42:08 IST" name="Twitter" finished-at="2024-03-20T10:42:38 IST" duration-ms="29661" status="PASS">
          <reporter-output>
          </reporter-output>
        </test-method> <!-- Twitter -->
        <test-method is-config="true" signature="postConditions()[pri:0, instance:testCases.TestClass1@2df9b86]" started-at="2024-03-20T10:42:38 IST" name="postConditions" finished-at="2024-03-20T10:42:38 IST" duration-ms="483" status="PASS">
          <reporter-output>
          </reporter-output>
        </test-method> <!-- postConditions -->
        <test-method is-config="true" signature="preConditions()[pri:0, instance:testCases.TestClass1@2df9b86]" started-at="2024-03-20T10:42:38 IST" name="preConditions" finished-at="2024-03-20T10:42:40 IST" duration-ms="1402" status="PASS">
          <reporter-output>
          </reporter-output>
        </test-method> <!-- preConditions -->
        <test-method signature="Linkedin()[pri:23, instance:testCases.TestClass1@2df9b86]" started-at="2024-03-20T10:42:40 IST" name="Linkedin" finished-at="2024-03-20T10:43:15 IST" duration-ms="35380" status="PASS">
          <reporter-output>
          </reporter-output>
        </test-method> <!-- Linkedin -->
        <test-method is-config="true" signature="postConditions()[pri:0, instance:testCases.TestClass1@2df9b86]" started-at="2024-03-20T10:43:15 IST" name="postConditions" finished-at="2024-03-20T10:43:16 IST" duration-ms="601" status="PASS">
          <reporter-output>
          </reporter-output>
        </test-method> <!-- postConditions -->
        <test-method is-config="true" signature="preConditions()[pri:0, instance:testCases.TestClass1@2df9b86]" started-at="2024-03-20T10:43:16 IST" name="preConditions" finished-at="2024-03-20T10:43:17 IST" duration-ms="1325" status="PASS">
          <reporter-output>
          </reporter-output>
        </test-method> <!-- preConditions -->
        <test-method signature="Instagram()[pri:24, instance:testCases.TestClass1@2df9b86]" started-at="2024-03-20T10:43:17 IST" name="Instagram" finished-at="2024-03-20T10:43:52 IST" duration-ms="35453" status="PASS">
          <reporter-output>
          </reporter-output>
        </test-method> <!-- Instagram -->
        <test-method is-config="true" signature="postConditions()[pri:0, instance:testCases.TestClass1@2df9b86]" started-at="2024-03-20T10:43:52 IST" name="postConditions" finished-at="2024-03-20T10:43:53 IST" duration-ms="887" status="PASS">
          <reporter-output>
          </reporter-output>
        </test-method> <!-- postConditions -->
        <test-method is-config="true" signature="preConditions()[pri:0, instance:testCases.TestClass1@2df9b86]" started-at="2024-03-20T10:43:53 IST" name="preConditions" finished-at="2024-03-20T10:43:55 IST" duration-ms="1641" status="PASS">
          <reporter-output>
          </reporter-output>
        </test-method> <!-- preConditions -->
        <test-method signature="GooglePlay()[pri:25, instance:testCases.TestClass1@2df9b86]" started-at="2024-03-20T10:43:55 IST" name="GooglePlay" finished-at="2024-03-20T10:44:30 IST" duration-ms="35183" status="PASS">
          <reporter-output>
          </reporter-output>
        </test-method> <!-- GooglePlay -->
        <test-method is-config="true" signature="postConditions()[pri:0, instance:testCases.TestClass1@2df9b86]" started-at="2024-03-20T10:44:30 IST" name="postConditions" finished-at="2024-03-20T10:44:31 IST" duration-ms="682" status="PASS">
          <reporter-output>
          </reporter-output>
        </test-method> <!-- postConditions -->
        <test-method is-config="true" signature="preConditions()[pri:0, instance:testCases.TestClass1@2df9b86]" started-at="2024-03-20T10:44:31 IST" name="preConditions" finished-at="2024-03-20T10:44:32 IST" duration-ms="1469" status="PASS">
          <reporter-output>
          </reporter-output>
        </test-method> <!-- preConditions -->
        <test-method signature="Applestore()[pri:26, instance:testCases.TestClass1@2df9b86]" started-at="2024-03-20T10:44:32 IST" name="Applestore" finished-at="2024-03-20T10:45:02 IST" duration-ms="29580" status="PASS">
          <reporter-output>
          </reporter-output>
        </test-method> <!-- Applestore -->
        <test-method is-config="true" signature="postConditions()[pri:0, instance:testCases.TestClass1@2df9b86]" started-at="2024-03-20T10:45:02 IST" name="postConditions" finished-at="2024-03-20T10:45:03 IST" duration-ms="620" status="PASS">
          <reporter-output>
          </reporter-output>
        </test-method> <!-- postConditions -->
      </class> <!-- testCases.TestClass1 -->
    </test> <!-- Test -->
  </suite> <!-- Suite -->
</testng-results>
